<?xml version="1.0" encoding="UTF-8"?>
<testsuite xmlns:xsi="http://www.w3.org/2001/XMLSchema-instance" xsi:noNamespaceSchemaLocation="https://maven.apache.org/surefire/maven-surefire-plugin/xsd/surefire-test-report-3.0.xsd" version="3.0" name="ies.puerto.modelo.file.FileCsvTest" time="0.015" tests="4" errors="0" skipped="0" failures="0">
  <properties>
[...]
</properties>
  <testcase name="CsvModificarTest" classname="ies.puerto.modelo.file.FileCsvTest" time="0.005"/>
  <testcase name="CsvNotNullTest" classname="ies.puerto.modelo.file.FileCsvTest" time="0.002"/>
  <testcase name="CsvLeerEscribirTest" classname="ies.puerto.modelo.file.FileCsvTest" time="0.003"/>
  <testcase name="CsvEliminarTest" classname="ies.puerto.modelo.file.FileCsvTest" time="0.002"/>
</testsuite>