GROUP,PACKAGE,CLASS,INSTRUCTION_MISSED,INSTRUCTION_COVERED,BRANCH_MISSED,BRANCH_COVERED,LINE_MISSED,LINE_COVERED,COMPLEXITY_MISSED,COMPLEXITY_COVERED,METHOD_MISSED,METHOD_COVERED
ArraysAvanzado,ies.puerto,Ejercicio6,120,0,30,0,23,0,19,0,4,0
ArraysAvanzado,ies.puerto,Ejercicio5,69,0,10,0,15,0,8,0,3,0
ArraysAvanzado,ies.puerto,Ejercicio4,101,0,8,0,19,0,8,0,4,0
ArraysAvanzado,ies.puerto,Ejercicio3,100,0,4,0,33,0,13,0,11,0
ArraysAvanzado,ies.puerto,Ejercicio2,90,0,8,0,28,0,10,0,6,0
ArraysAvanzado,ies.puerto,Ejercicio1,62,101,0,12,17,19,1,11,1,5
ArraysAvanzado,ies.puerto,Ejercicio7,132,0,12,0,20,0,10,0,4,0
