<?xml version="1.0" encoding="UTF-8"?>
<testsuite xmlns:xsi="http://www.w3.org/2001/XMLSchema-instance" xsi:noNamespaceSchemaLocation="https://maven.apache.org/surefire/maven-surefire-plugin/xsd/surefire-test-report.xsd" name="es.ies.puerto.modelo.db.JdbcTest" time="0.362" tests="3" errors="0" skipped="0" failures="0">
  <properties>
[...]
</properties>
  <testcase name="obtenerPersonajes" classname="es.ies.puerto.modelo.db.JdbcTest" time="0.315"/>
  <testcase name="obtenerAlias" classname="es.ies.puerto.modelo.db.JdbcTest" time="0.026"/>
  <testcase name="obtenerPoderes" classname="es.ies.puerto.modelo.db.JdbcTest" time="0.003"/>
</testsuite>